{"name":"/opt/bro/share/bro/base/init-bare.bro"}
{"name":"  /opt/bro/share/bro/base/bif/const.bif.bro"}
{"name":"  /opt/bro/share/bro/base/bif/types.bif.bro"}
{"name":"  /opt/bro/share/bro/base/bif/strings.bif.bro"}
{"name":"  /opt/bro/share/bro/base/bif/bro.bif.bro"}
{"name":"  /opt/bro/share/bro/base/bif/reporter.bif.bro"}
{"name":"  /opt/bro/share/bro/base/bif/plugins/Bro_SNMP.types.bif.bro"}
{"name":"  /opt/bro/share/bro/base/bif/plugins/Bro_KRB.types.bif.bro"}
{"name":"  /opt/bro/share/bro/base/bif/event.bif.bro"}
{"name":"  /opt/bro/share/bro/base/frameworks/broker/__load__.bro"}
{"name":"    /opt/bro/share/bro/base/frameworks/broker/main.bro"}
{"name":"      /opt/bro/share/bro/base/bif/comm.bif.bro"}
{"name":"      /opt/bro/share/bro/base/bif/messaging.bif.bro"}
{"name":"    /opt/bro/share/bro/base/frameworks/broker/store.bro"}
{"name":"      /opt/bro/share/bro/base/bif/data.bif.bro"}
{"name":"      /opt/bro/share/bro/base/bif/store.bif.bro"}
{"name":"  /opt/bro/share/bro/base/frameworks/logging/__load__.bro"}
{"name":"    /opt/bro/share/bro/base/frameworks/logging/main.bro"}
{"name":"      /opt/bro/share/bro/base/bif/logging.bif.bro"}
{"name":"    /opt/bro/share/bro/base/frameworks/logging/postprocessors/__load__.bro"}
{"name":"      /opt/bro/share/bro/base/frameworks/logging/postprocessors/scp.bro"}
{"name":"      /opt/bro/share/bro/base/frameworks/logging/postprocessors/sftp.bro"}
{"name":"    /opt/bro/share/bro/base/frameworks/logging/writers/ascii.bro"}
{"name":"    /opt/bro/share/bro/base/frameworks/logging/writers/sqlite.bro"}
{"name":"    /opt/bro/share/bro/base/frameworks/logging/writers/none.bro"}
{"name":"  /opt/bro/share/bro/base/frameworks/input/__load__.bro"}
{"name":"    /opt/bro/share/bro/base/frameworks/input/main.bro"}
{"name":"      /opt/bro/share/bro/base/bif/input.bif.bro"}
{"name":"    /opt/bro/share/bro/base/frameworks/input/readers/ascii.bro"}
{"name":"    /opt/bro/share/bro/base/frameworks/input/readers/raw.bro"}
{"name":"    /opt/bro/share/bro/base/frameworks/input/readers/benchmark.bro"}
{"name":"    /opt/bro/share/bro/base/frameworks/input/readers/binary.bro"}
{"name":"    /opt/bro/share/bro/base/frameworks/input/readers/sqlite.bro"}
{"name":"  /opt/bro/share/bro/base/frameworks/analyzer/__load__.bro"}
{"name":"    /opt/bro/share/bro/base/frameworks/analyzer/main.bro"}
{"name":"      /opt/bro/share/bro/base/frameworks/packet-filter/utils.bro"}
{"name":"      /opt/bro/share/bro/base/bif/analyzer.bif.bro"}
{"name":"  /opt/bro/share/bro/base/frameworks/files/__load__.bro"}
{"name":"    /opt/bro/share/bro/base/frameworks/files/main.bro"}
{"name":"      /opt/bro/share/bro/base/bif/file_analysis.bif.bro"}
{"name":"      /opt/bro/share/bro/base/utils/site.bro"}
{"name":"        /opt/bro/share/bro/base/utils/patterns.bro"}
{"name":"    /opt/bro/share/bro/base/frameworks/files/magic/__load__.bro"}
{"name":"  /opt/bro/share/bro/base/bif/__load__.bro"}
{"name":"    /opt/bro/share/bro/base/bif/stats.bif.bro"}
{"name":"    /opt/bro/share/bro/base/bif/broxygen.bif.bro"}
{"name":"    /opt/bro/share/bro/base/bif/pcap.bif.bro"}
{"name":"    /opt/bro/share/bro/base/bif/bloom-filter.bif.bro"}
{"name":"    /opt/bro/share/bro/base/bif/cardinality-counter.bif.bro"}
{"name":"    /opt/bro/share/bro/base/bif/top-k.bif.bro"}
{"name":"  /opt/bro/share/bro/base/bif/plugins/__load__.bro"}
{"name":"    /opt/bro/share/bro/base/bif/plugins/Bro_ARP.events.bif.bro"}
{"name":"    /opt/bro/share/bro/base/bif/plugins/Bro_AYIYA.events.bif.bro"}
{"name":"    /opt/bro/share/bro/base/bif/plugins/Bro_BackDoor.events.bif.bro"}
{"name":"    /opt/bro/share/bro/base/bif/plugins/Bro_BitTorrent.events.bif.bro"}
{"name":"    /opt/bro/share/bro/base/bif/plugins/Bro_ConnSize.events.bif.bro"}
{"name":"    /opt/bro/share/bro/base/bif/plugins/Bro_ConnSize.functions.bif.bro"}
{"name":"    /opt/bro/share/bro/base/bif/plugins/Bro_DCE_RPC.consts.bif.bro"}
{"name":"    /opt/bro/share/bro/base/bif/plugins/Bro_DCE_RPC.types.bif.bro"}
{"name":"    /opt/bro/share/bro/base/bif/plugins/Bro_DCE_RPC.events.bif.bro"}
{"name":"    /opt/bro/share/bro/base/bif/plugins/Bro_DHCP.events.bif.bro"}
{"name":"    /opt/bro/share/bro/base/bif/plugins/Bro_DNP3.events.bif.bro"}
{"name":"    /opt/bro/share/bro/base/bif/plugins/Bro_DNS.events.bif.bro"}
{"name":"    /opt/bro/share/bro/base/bif/plugins/Bro_File.events.bif.bro"}
{"name":"    /opt/bro/share/bro/base/bif/plugins/Bro_Finger.events.bif.bro"}
{"name":"    /opt/bro/share/bro/base/bif/plugins/Bro_FTP.events.bif.bro"}
{"name":"    /opt/bro/share/bro/base/bif/plugins/Bro_FTP.functions.bif.bro"}
{"name":"    /opt/bro/share/bro/base/bif/plugins/Bro_Gnutella.events.bif.bro"}
{"name":"    /opt/bro/share/bro/base/bif/plugins/Bro_GSSAPI.types.bif.bro"}
{"name":"    /opt/bro/share/bro/base/bif/plugins/Bro_GSSAPI.events.bif.bro"}
{"name":"    /opt/bro/share/bro/base/bif/plugins/Bro_GTPv1.events.bif.bro"}
{"name":"    /opt/bro/share/bro/base/bif/plugins/Bro_HTTP.events.bif.bro"}
{"name":"    /opt/bro/share/bro/base/bif/plugins/Bro_HTTP.functions.bif.bro"}
{"name":"    /opt/bro/share/bro/base/bif/plugins/Bro_ICMP.events.bif.bro"}
{"name":"    /opt/bro/share/bro/base/bif/plugins/Bro_Ident.events.bif.bro"}
{"name":"    /opt/bro/share/bro/base/bif/plugins/Bro_IMAP.events.bif.bro"}
{"name":"    /opt/bro/share/bro/base/bif/plugins/Bro_InterConn.events.bif.bro"}
{"name":"    /opt/bro/share/bro/base/bif/plugins/Bro_IRC.events.bif.bro"}
{"name":"    /opt/bro/share/bro/base/bif/plugins/Bro_KRB.events.bif.bro"}
{"name":"    /opt/bro/share/bro/base/bif/plugins/Bro_Login.events.bif.bro"}
{"name":"    /opt/bro/share/bro/base/bif/plugins/Bro_Login.functions.bif.bro"}
{"name":"    /opt/bro/share/bro/base/bif/plugins/Bro_MIME.events.bif.bro"}
{"name":"    /opt/bro/share/bro/base/bif/plugins/Bro_Modbus.events.bif.bro"}
{"name":"    /opt/bro/share/bro/base/bif/plugins/Bro_MySQL.events.bif.bro"}
{"name":"    /opt/bro/share/bro/base/bif/plugins/Bro_NCP.events.bif.bro"}
{"name":"    /opt/bro/share/bro/base/bif/plugins/Bro_NetBIOS.events.bif.bro"}
{"name":"    /opt/bro/share/bro/base/bif/plugins/Bro_NetBIOS.functions.bif.bro"}
{"name":"    /opt/bro/share/bro/base/bif/plugins/Bro_NTLM.types.bif.bro"}
{"name":"    /opt/bro/share/bro/base/bif/plugins/Bro_NTLM.events.bif.bro"}
{"name":"    /opt/bro/share/bro/base/bif/plugins/Bro_NTP.events.bif.bro"}
{"name":"    /opt/bro/share/bro/base/bif/plugins/Bro_PIA.events.bif.bro"}
{"name":"    /opt/bro/share/bro/base/bif/plugins/Bro_POP3.events.bif.bro"}
{"name":"    /opt/bro/share/bro/base/bif/plugins/Bro_RADIUS.events.bif.bro"}
{"name":"    /opt/bro/share/bro/base/bif/plugins/Bro_RDP.events.bif.bro"}
{"name":"    /opt/bro/share/bro/base/bif/plugins/Bro_RDP.types.bif.bro"}
{"name":"    /opt/bro/share/bro/base/bif/plugins/Bro_RFB.events.bif.bro"}
{"name":"    /opt/bro/share/bro/base/bif/plugins/Bro_RPC.events.bif.bro"}
{"name":"    /opt/bro/share/bro/base/bif/plugins/Bro_SIP.events.bif.bro"}
{"name":"    /opt/bro/share/bro/base/bif/plugins/Bro_SNMP.events.bif.bro"}
{"name":"    /opt/bro/share/bro/base/bif/plugins/Bro_SMB.smb1_com_check_directory.bif.bro"}
{"name":"    /opt/bro/share/bro/base/bif/plugins/Bro_SMB.smb1_com_close.bif.bro"}
{"name":"    /opt/bro/share/bro/base/bif/plugins/Bro_SMB.smb1_com_create_directory.bif.bro"}
{"name":"    /opt/bro/share/bro/base/bif/plugins/Bro_SMB.smb1_com_echo.bif.bro"}
{"name":"    /opt/bro/share/bro/base/bif/plugins/Bro_SMB.smb1_com_logoff_andx.bif.bro"}
{"name":"    /opt/bro/share/bro/base/bif/plugins/Bro_SMB.smb1_com_negotiate.bif.bro"}
{"name":"    /opt/bro/share/bro/base/bif/plugins/Bro_SMB.smb1_com_nt_create_andx.bif.bro"}
{"name":"    /opt/bro/share/bro/base/bif/plugins/Bro_SMB.smb1_com_nt_cancel.bif.bro"}
{"name":"    /opt/bro/share/bro/base/bif/plugins/Bro_SMB.smb1_com_query_information.bif.bro"}
{"name":"    /opt/bro/share/bro/base/bif/plugins/Bro_SMB.smb1_com_read_andx.bif.bro"}
{"name":"    /opt/bro/share/bro/base/bif/plugins/Bro_SMB.smb1_com_session_setup_andx.bif.bro"}
{"name":"    /opt/bro/share/bro/base/bif/plugins/Bro_SMB.smb1_com_transaction.bif.bro"}
{"name":"    /opt/bro/share/bro/base/bif/plugins/Bro_SMB.smb1_com_transaction2.bif.bro"}
{"name":"    /opt/bro/share/bro/base/bif/plugins/Bro_SMB.smb1_com_tree_connect_andx.bif.bro"}
{"name":"    /opt/bro/share/bro/base/bif/plugins/Bro_SMB.smb1_com_tree_disconnect.bif.bro"}
{"name":"    /opt/bro/share/bro/base/bif/plugins/Bro_SMB.smb1_com_write_andx.bif.bro"}
{"name":"    /opt/bro/share/bro/base/bif/plugins/Bro_SMB.smb1_events.bif.bro"}
{"name":"    /opt/bro/share/bro/base/bif/plugins/Bro_SMB.smb2_com_close.bif.bro"}
{"name":"    /opt/bro/share/bro/base/bif/plugins/Bro_SMB.smb2_com_create.bif.bro"}
{"name":"    /opt/bro/share/bro/base/bif/plugins/Bro_SMB.smb2_com_negotiate.bif.bro"}
{"name":"    /opt/bro/share/bro/base/bif/plugins/Bro_SMB.smb2_com_read.bif.bro"}
{"name":"    /opt/bro/share/bro/base/bif/plugins/Bro_SMB.smb2_com_session_setup.bif.bro"}
{"name":"    /opt/bro/share/bro/base/bif/plugins/Bro_SMB.smb2_com_set_info.bif.bro"}
{"name":"    /opt/bro/share/bro/base/bif/plugins/Bro_SMB.smb2_com_tree_connect.bif.bro"}
{"name":"    /opt/bro/share/bro/base/bif/plugins/Bro_SMB.smb2_com_tree_disconnect.bif.bro"}
{"name":"    /opt/bro/share/bro/base/bif/plugins/Bro_SMB.smb2_com_write.bif.bro"}
{"name":"    /opt/bro/share/bro/base/bif/plugins/Bro_SMB.smb2_events.bif.bro"}
{"name":"    /opt/bro/share/bro/base/bif/plugins/Bro_SMB.events.bif.bro"}
{"name":"    /opt/bro/share/bro/base/bif/plugins/Bro_SMB.consts.bif.bro"}
{"name":"    /opt/bro/share/bro/base/bif/plugins/Bro_SMB.types.bif.bro"}
{"name":"    /opt/bro/share/bro/base/bif/plugins/Bro_SMTP.events.bif.bro"}
{"name":"    /opt/bro/share/bro/base/bif/plugins/Bro_SMTP.functions.bif.bro"}
{"name":"    /opt/bro/share/bro/base/bif/plugins/Bro_SOCKS.events.bif.bro"}
{"name":"    /opt/bro/share/bro/base/bif/plugins/Bro_SSH.types.bif.bro"}
{"name":"    /opt/bro/share/bro/base/bif/plugins/Bro_SSH.events.bif.bro"}
{"name":"    /opt/bro/share/bro/base/bif/plugins/Bro_SSL.types.bif.bro"}
{"name":"    /opt/bro/share/bro/base/bif/plugins/Bro_SSL.events.bif.bro"}
{"name":"    /opt/bro/share/bro/base/bif/plugins/Bro_SSL.functions.bif.bro"}
{"name":"    /opt/bro/share/bro/base/bif/plugins/Bro_SteppingStone.events.bif.bro"}
{"name":"    /opt/bro/share/bro/base/bif/plugins/Bro_Syslog.events.bif.bro"}
{"name":"    /opt/bro/share/bro/base/bif/plugins/Bro_TCP.events.bif.bro"}
{"name":"    /opt/bro/share/bro/base/bif/plugins/Bro_TCP.functions.bif.bro"}
{"name":"    /opt/bro/share/bro/base/bif/plugins/Bro_Teredo.events.bif.bro"}
{"name":"    /opt/bro/share/bro/base/bif/plugins/Bro_UDP.events.bif.bro"}
{"name":"    /opt/bro/share/bro/base/bif/plugins/Bro_XMPP.events.bif.bro"}
{"name":"    /opt/bro/share/bro/base/bif/plugins/Bro_ZIP.events.bif.bro"}
{"name":"    /opt/bro/share/bro/base/bif/plugins/Bro_FileEntropy.events.bif.bro"}
{"name":"    /opt/bro/share/bro/base/bif/plugins/Bro_FileExtract.events.bif.bro"}
{"name":"    /opt/bro/share/bro/base/bif/plugins/Bro_FileExtract.functions.bif.bro"}
{"name":"    /opt/bro/share/bro/base/bif/plugins/Bro_FileHash.events.bif.bro"}
{"name":"    /opt/bro/share/bro/base/bif/plugins/Bro_PE.events.bif.bro"}
{"name":"    /opt/bro/share/bro/base/bif/plugins/Bro_Unified2.events.bif.bro"}
{"name":"    /opt/bro/share/bro/base/bif/plugins/Bro_Unified2.types.bif.bro"}
{"name":"    /opt/bro/share/bro/base/bif/plugins/Bro_X509.events.bif.bro"}
{"name":"    /opt/bro/share/bro/base/bif/plugins/Bro_X509.types.bif.bro"}
{"name":"    /opt/bro/share/bro/base/bif/plugins/Bro_X509.functions.bif.bro"}
{"name":"    /opt/bro/share/bro/base/bif/plugins/Bro_AsciiReader.ascii.bif.bro"}
{"name":"    /opt/bro/share/bro/base/bif/plugins/Bro_BenchmarkReader.benchmark.bif.bro"}
{"name":"    /opt/bro/share/bro/base/bif/plugins/Bro_BinaryReader.binary.bif.bro"}
{"name":"    /opt/bro/share/bro/base/bif/plugins/Bro_RawReader.raw.bif.bro"}
{"name":"    /opt/bro/share/bro/base/bif/plugins/Bro_SQLiteReader.sqlite.bif.bro"}
{"name":"    /opt/bro/share/bro/base/bif/plugins/Bro_AsciiWriter.ascii.bif.bro"}
{"name":"    /opt/bro/share/bro/base/bif/plugins/Bro_NoneWriter.none.bif.bro"}
{"name":"    /opt/bro/share/bro/base/bif/plugins/Bro_SQLiteWriter.sqlite.bif.bro"}
{"name":"/opt/bro/share/bro/base/init-default.bro"}
{"name":"  /opt/bro/share/bro/base/utils/active-http.bro"}
{"name":"    /opt/bro/share/bro/base/utils/exec.bro"}
{"name":"  /opt/bro/share/bro/base/utils/addrs.bro"}
{"name":"  /opt/bro/share/bro/base/utils/conn-ids.bro"}
{"name":"  /opt/bro/share/bro/base/utils/dir.bro"}
{"name":"    /opt/bro/share/bro/base/frameworks/reporter/__load__.bro"}
{"name":"      /opt/bro/share/bro/base/frameworks/reporter/main.bro"}
{"name":"    /opt/bro/share/bro/base/utils/paths.bro"}
{"name":"  /opt/bro/share/bro/base/utils/directions-and-hosts.bro"}
{"name":"  /opt/bro/share/bro/base/utils/email.bro"}
{"name":"  /opt/bro/share/bro/base/utils/files.bro"}
{"name":"  /opt/bro/share/bro/base/utils/geoip-distance.bro"}
{"name":"  /opt/bro/share/bro/base/utils/numbers.bro"}
{"name":"  /opt/bro/share/bro/base/utils/queue.bro"}
{"name":"  /opt/bro/share/bro/base/utils/strings.bro"}
{"name":"  /opt/bro/share/bro/base/utils/thresholds.bro"}
{"name":"  /opt/bro/share/bro/base/utils/time.bro"}
{"name":"  /opt/bro/share/bro/base/utils/urls.bro"}
{"name":"  /opt/bro/share/bro/base/frameworks/notice/__load__.bro"}
{"name":"    /opt/bro/share/bro/base/frameworks/notice/main.bro"}
{"name":"    /opt/bro/share/bro/base/frameworks/notice/weird.bro"}
{"name":"    /opt/bro/share/bro/base/frameworks/notice/actions/drop.bro"}
{"name":"      /opt/bro/share/bro/base/frameworks/netcontrol/__load__.bro"}
{"name":"        /opt/bro/share/bro/base/frameworks/netcontrol/types.bro"}
{"name":"        /opt/bro/share/bro/base/frameworks/netcontrol/main.bro"}
{"name":"          /opt/bro/share/bro/base/frameworks/netcontrol/plugin.bro"}
{"name":"        /opt/bro/share/bro/base/frameworks/netcontrol/plugins/__load__.bro"}
{"name":"          /opt/bro/share/bro/base/frameworks/netcontrol/plugins/debug.bro"}
{"name":"          /opt/bro/share/bro/base/frameworks/netcontrol/plugins/openflow.bro"}
{"name":"            /opt/bro/share/bro/base/frameworks/openflow/__load__.bro"}
{"name":"              /opt/bro/share/bro/base/frameworks/openflow/consts.bro"}
{"name":"              /opt/bro/share/bro/base/frameworks/openflow/types.bro"}
{"name":"              /opt/bro/share/bro/base/frameworks/openflow/main.bro"}
{"name":"              /opt/bro/share/bro/base/frameworks/openflow/plugins/__load__.bro"}
{"name":"                /opt/bro/share/bro/base/frameworks/openflow/plugins/ryu.bro"}
{"name":"                  /opt/bro/share/bro/base/utils/json.bro"}
{"name":"                /opt/bro/share/bro/base/frameworks/openflow/plugins/log.bro"}
{"name":"                /opt/bro/share/bro/base/frameworks/openflow/plugins/broker.bro"}
{"name":"              /opt/bro/share/bro/base/frameworks/cluster/__load__.bro"}
{"name":"                /opt/bro/share/bro/base/frameworks/cluster/main.bro"}
{"name":"                  /opt/bro/share/bro/base/frameworks/control/__load__.bro"}
{"name":"                    /opt/bro/share/bro/base/frameworks/control/main.bro"}
{"name":"              /opt/bro/share/bro/base/frameworks/openflow/non-cluster.bro"}
{"name":"          /opt/bro/share/bro/base/frameworks/netcontrol/plugins/packetfilter.bro"}
{"name":"          /opt/bro/share/bro/base/frameworks/netcontrol/plugins/broker.bro"}
{"name":"          /opt/bro/share/bro/base/frameworks/netcontrol/plugins/acld.bro"}
{"name":"        /opt/bro/share/bro/base/frameworks/netcontrol/drop.bro"}
{"name":"        /opt/bro/share/bro/base/frameworks/netcontrol/shunt.bro"}
{"name":"        /opt/bro/share/bro/base/frameworks/netcontrol/catch-and-release.bro"}
{"name":"        /opt/bro/share/bro/base/frameworks/netcontrol/non-cluster.bro"}
{"name":"    /opt/bro/share/bro/base/frameworks/notice/actions/email_admin.bro"}
{"name":"    /opt/bro/share/bro/base/frameworks/notice/actions/page.bro"}
{"name":"    /opt/bro/share/bro/base/frameworks/notice/actions/add-geodata.bro"}
{"name":"    /opt/bro/share/bro/base/frameworks/notice/extend-email/hostnames.bro"}
{"name":"    /opt/bro/share/bro/base/frameworks/notice/non-cluster.bro"}
{"name":"    /opt/bro/share/bro/base/frameworks/notice/actions/pp-alarms.bro"}
{"name":"  /opt/bro/share/bro/base/frameworks/dpd/__load__.bro"}
{"name":"    /opt/bro/share/bro/base/frameworks/dpd/main.bro"}
{"name":"  /opt/bro/share/bro/base/frameworks/signatures/__load__.bro"}
{"name":"    /opt/bro/share/bro/base/frameworks/signatures/main.bro"}
{"name":"  /opt/bro/share/bro/base/frameworks/packet-filter/__load__.bro"}
{"name":"    /opt/bro/share/bro/base/frameworks/packet-filter/main.bro"}
{"name":"    /opt/bro/share/bro/base/frameworks/packet-filter/netstats.bro"}
{"name":"  /opt/bro/share/bro/base/frameworks/software/__load__.bro"}
{"name":"    /opt/bro/share/bro/base/frameworks/software/main.bro"}
{"name":"  /opt/bro/share/bro/base/frameworks/communication/__load__.bro"}
{"name":"    /opt/bro/share/bro/base/frameworks/communication/main.bro"}
{"name":"  /opt/bro/share/bro/base/frameworks/intel/__load__.bro"}
{"name":"    /opt/bro/share/bro/base/frameworks/intel/main.bro"}
{"name":"    /opt/bro/share/bro/base/frameworks/intel/files.bro"}
{"name":"    /opt/bro/share/bro/base/frameworks/intel/input.bro"}
{"name":"  /opt/bro/share/bro/base/frameworks/sumstats/__load__.bro"}
{"name":"    /opt/bro/share/bro/base/frameworks/sumstats/main.bro"}
{"name":"    /opt/bro/share/bro/base/frameworks/sumstats/plugins/__load__.bro"}
{"name":"      /opt/bro/share/bro/base/frameworks/sumstats/plugins/average.bro"}
{"name":"      /opt/bro/share/bro/base/frameworks/sumstats/plugins/hll_unique.bro"}
{"name":"      /opt/bro/share/bro/base/frameworks/sumstats/plugins/last.bro"}
{"name":"      /opt/bro/share/bro/base/frameworks/sumstats/plugins/max.bro"}
{"name":"      /opt/bro/share/bro/base/frameworks/sumstats/plugins/min.bro"}
{"name":"      /opt/bro/share/bro/base/frameworks/sumstats/plugins/sample.bro"}
{"name":"      /opt/bro/share/bro/base/frameworks/sumstats/plugins/std-dev.bro"}
{"name":"        /opt/bro/share/bro/base/frameworks/sumstats/plugins/variance.bro"}
{"name":"      /opt/bro/share/bro/base/frameworks/sumstats/plugins/sum.bro"}
{"name":"      /opt/bro/share/bro/base/frameworks/sumstats/plugins/topk.bro"}
{"name":"      /opt/bro/share/bro/base/frameworks/sumstats/plugins/unique.bro"}
{"name":"    /opt/bro/share/bro/base/frameworks/sumstats/non-cluster.bro"}
{"name":"  /opt/bro/share/bro/base/frameworks/tunnels/__load__.bro"}
{"name":"    /opt/bro/share/bro/base/frameworks/tunnels/main.bro"}
{"name":"  /opt/bro/share/bro/base/protocols/conn/__load__.bro"}
{"name":"    /opt/bro/share/bro/base/protocols/conn/main.bro"}
{"name":"    /opt/bro/share/bro/base/protocols/conn/contents.bro"}
{"name":"    /opt/bro/share/bro/base/protocols/conn/inactivity.bro"}
{"name":"    /opt/bro/share/bro/base/protocols/conn/polling.bro"}
{"name":"    /opt/bro/share/bro/base/protocols/conn/thresholds.bro"}
{"name":"  /opt/bro/share/bro/base/protocols/dce-rpc/__load__.bro"}
{"name":"    /opt/bro/share/bro/base/protocols/dce-rpc/consts.bro"}
{"name":"    /opt/bro/share/bro/base/protocols/dce-rpc/main.bro"}
{"name":"  /opt/bro/share/bro/base/protocols/dhcp/__load__.bro"}
{"name":"    /opt/bro/share/bro/base/protocols/dhcp/consts.bro"}
{"name":"    /opt/bro/share/bro/base/protocols/dhcp/main.bro"}
{"name":"      /opt/bro/share/bro/base/protocols/dhcp/utils.bro"}
{"name":"  /opt/bro/share/bro/base/protocols/dnp3/__load__.bro"}
{"name":"    /opt/bro/share/bro/base/protocols/dnp3/main.bro"}
{"name":"      /opt/bro/share/bro/base/protocols/dnp3/consts.bro"}
{"name":"  /opt/bro/share/bro/base/protocols/dns/__load__.bro"}
{"name":"    /opt/bro/share/bro/base/protocols/dns/consts.bro"}
{"name":"    /opt/bro/share/bro/base/protocols/dns/main.bro"}
{"name":"  /opt/bro/share/bro/base/protocols/ftp/__load__.bro"}
{"name":"    /opt/bro/share/bro/base/protocols/ftp/utils-commands.bro"}
{"name":"    /opt/bro/share/bro/base/protocols/ftp/info.bro"}
{"name":"    /opt/bro/share/bro/base/protocols/ftp/main.bro"}
{"name":"      /opt/bro/share/bro/base/protocols/ftp/utils.bro"}
{"name":"    /opt/bro/share/bro/base/protocols/ftp/files.bro"}
{"name":"    /opt/bro/share/bro/base/protocols/ftp/gridftp.bro"}
{"name":"      /opt/bro/share/bro/base/protocols/ssl/__load__.bro"}
{"name":"        /opt/bro/share/bro/base/protocols/ssl/consts.bro"}
{"name":"        /opt/bro/share/bro/base/protocols/ssl/main.bro"}
{"name":"        /opt/bro/share/bro/base/protocols/ssl/mozilla-ca-list.bro"}
{"name":"        /opt/bro/share/bro/base/protocols/ssl/files.bro"}
{"name":"          /opt/bro/share/bro/base/files/x509/__load__.bro"}
{"name":"            /opt/bro/share/bro/base/files/x509/main.bro"}
{"name":"              /opt/bro/share/bro/base/files/hash/__load__.bro"}
{"name":"                /opt/bro/share/bro/base/files/hash/main.bro"}
{"name":"  /opt/bro/share/bro/base/protocols/http/__load__.bro"}
{"name":"    /opt/bro/share/bro/base/protocols/http/main.bro"}
{"name":"    /opt/bro/share/bro/base/protocols/http/entities.bro"}
{"name":"    /opt/bro/share/bro/base/protocols/http/utils.bro"}
{"name":"    /opt/bro/share/bro/base/protocols/http/files.bro"}
{"name":"  /opt/bro/share/bro/base/protocols/imap/__load__.bro"}
{"name":"    /opt/bro/share/bro/base/protocols/imap/main.bro"}
{"name":"  /opt/bro/share/bro/base/protocols/irc/__load__.bro"}
{"name":"    /opt/bro/share/bro/base/protocols/irc/main.bro"}
{"name":"    /opt/bro/share/bro/base/protocols/irc/dcc-send.bro"}
{"name":"    /opt/bro/share/bro/base/protocols/irc/files.bro"}
{"name":"  /opt/bro/share/bro/base/protocols/krb/__load__.bro"}
{"name":"    /opt/bro/share/bro/base/protocols/krb/main.bro"}
{"name":"      /opt/bro/share/bro/base/protocols/krb/consts.bro"}
{"name":"    /opt/bro/share/bro/base/protocols/krb/files.bro"}
{"name":"  /opt/bro/share/bro/base/protocols/modbus/__load__.bro"}
{"name":"    /opt/bro/share/bro/base/protocols/modbus/consts.bro"}
{"name":"    /opt/bro/share/bro/base/protocols/modbus/main.bro"}
{"name":"  /opt/bro/share/bro/base/protocols/mysql/__load__.bro"}
{"name":"    /opt/bro/share/bro/base/protocols/mysql/main.bro"}
{"name":"      /opt/bro/share/bro/base/protocols/mysql/consts.bro"}
{"name":"  /opt/bro/share/bro/base/protocols/ntlm/__load__.bro"}
{"name":"    /opt/bro/share/bro/base/protocols/ntlm/main.bro"}
{"name":"      /opt/bro/share/bro/base/protocols/smb/__load__.bro"}
{"name":"        /opt/bro/share/bro/base/protocols/smb/consts.bro"}
{"name":"        /opt/bro/share/bro/base/protocols/smb/const-dos-error.bro"}
{"name":"        /opt/bro/share/bro/base/protocols/smb/const-nt-status.bro"}
{"name":"  /opt/bro/share/bro/base/protocols/pop3/__load__.bro"}
{"name":"  /opt/bro/share/bro/base/protocols/radius/__load__.bro"}
{"name":"    /opt/bro/share/bro/base/protocols/radius/main.bro"}
{"name":"      /opt/bro/share/bro/base/protocols/radius/consts.bro"}
{"name":"  /opt/bro/share/bro/base/protocols/rdp/__load__.bro"}
{"name":"    /opt/bro/share/bro/base/protocols/rdp/consts.bro"}
{"name":"    /opt/bro/share/bro/base/protocols/rdp/main.bro"}
{"name":"  /opt/bro/share/bro/base/protocols/rfb/__load__.bro"}
{"name":"    /opt/bro/share/bro/base/protocols/rfb/main.bro"}
{"name":"  /opt/bro/share/bro/base/protocols/sip/__load__.bro"}
{"name":"    /opt/bro/share/bro/base/protocols/sip/main.bro"}
{"name":"  /opt/bro/share/bro/base/protocols/snmp/__load__.bro"}
{"name":"    /opt/bro/share/bro/base/protocols/snmp/main.bro"}
{"name":"  /opt/bro/share/bro/base/protocols/smtp/__load__.bro"}
{"name":"    /opt/bro/share/bro/base/protocols/smtp/main.bro"}
{"name":"    /opt/bro/share/bro/base/protocols/smtp/entities.bro"}
{"name":"    /opt/bro/share/bro/base/protocols/smtp/files.bro"}
{"name":"  /opt/bro/share/bro/base/protocols/socks/__load__.bro"}
{"name":"    /opt/bro/share/bro/base/protocols/socks/consts.bro"}
{"name":"    /opt/bro/share/bro/base/protocols/socks/main.bro"}
{"name":"  /opt/bro/share/bro/base/protocols/ssh/__load__.bro"}
{"name":"    /opt/bro/share/bro/base/protocols/ssh/main.bro"}
{"name":"  /opt/bro/share/bro/base/protocols/syslog/__load__.bro"}
{"name":"    /opt/bro/share/bro/base/protocols/syslog/consts.bro"}
{"name":"    /opt/bro/share/bro/base/protocols/syslog/main.bro"}
{"name":"  /opt/bro/share/bro/base/protocols/tunnels/__load__.bro"}
{"name":"  /opt/bro/share/bro/base/protocols/xmpp/__load__.bro"}
{"name":"    /opt/bro/share/bro/base/protocols/xmpp/main.bro"}
{"name":"  /opt/bro/share/bro/base/files/pe/__load__.bro"}
{"name":"    /opt/bro/share/bro/base/files/pe/consts.bro"}
{"name":"    /opt/bro/share/bro/base/files/pe/main.bro"}
{"name":"  /opt/bro/share/bro/base/files/extract/__load__.bro"}
{"name":"    /opt/bro/share/bro/base/files/extract/main.bro"}
{"name":"  /opt/bro/share/bro/base/files/unified2/__load__.bro"}
{"name":"    /opt/bro/share/bro/base/files/unified2/main.bro"}
{"name":"  /opt/bro/share/bro/base/misc/find-checksum-offloading.bro"}
{"name":"  /opt/bro/share/bro/base/misc/find-filtered-trace.bro"}
{"name":"  /opt/bro/share/bro/base/misc/version.bro"}
{"name":"/opt/bro/share/bro/site/local.bro"}
{"name":"  /opt/bro/share/bro/policy/misc/loaded-scripts.bro"}
{"name":"  /opt/bro/share/bro/policy/tuning/defaults/__load__.bro"}
{"name":"    /opt/bro/share/bro/policy/tuning/defaults/packet-fragments.bro"}
{"name":"    /opt/bro/share/bro/policy/tuning/defaults/warnings.bro"}
{"name":"    /opt/bro/share/bro/policy/tuning/defaults/extracted_file_limits.bro"}
{"name":"  /opt/bro/share/bro/policy/misc/capture-loss.bro"}
{"name":"  /opt/bro/share/bro/policy/misc/stats.bro"}
{"name":"  /opt/bro/share/bro/policy/misc/scan.bro"}
{"name":"  /opt/bro/share/bro/policy/frameworks/software/vulnerable.bro"}
{"name":"  /opt/bro/share/bro/policy/frameworks/software/version-changes.bro"}
{"name":"  /opt/bro/share/bro/policy/protocols/ftp/software.bro"}
{"name":"  /opt/bro/share/bro/policy/protocols/smtp/software.bro"}
{"name":"  /opt/bro/share/bro/policy/protocols/ssh/software.bro"}
{"name":"  /opt/bro/share/bro/policy/protocols/http/software.bro"}
{"name":"  /opt/bro/share/bro/policy/protocols/dns/detect-external-names.bro"}
{"name":"  /opt/bro/share/bro/policy/protocols/ftp/detect.bro"}
{"name":"  /opt/bro/share/bro/policy/protocols/conn/known-hosts.bro"}
{"name":"  /opt/bro/share/bro/policy/protocols/conn/known-services.bro"}
{"name":"  /opt/bro/share/bro/policy/protocols/ssl/known-certs.bro"}
{"name":"  /opt/bro/share/bro/policy/protocols/ssl/validate-certs.bro"}
{"name":"  /opt/bro/share/bro/policy/protocols/ssl/log-hostcerts-only.bro"}
{"name":"  /opt/bro/share/bro/policy/protocols/ssh/geo-data.bro"}
{"name":"  /opt/bro/share/bro/policy/protocols/ssh/detect-bruteforcing.bro"}
{"name":"  /opt/bro/share/bro/policy/protocols/ssh/interesting-hostnames.bro"}
{"name":"  /opt/bro/share/bro/policy/protocols/http/detect-sqli.bro"}
{"name":"  /opt/bro/share/bro/policy/frameworks/files/hash-all-files.bro"}
{"name":"  /opt/bro/share/bro/policy/frameworks/files/detect-MHR.bro"}
{"name":"  /opt/bro/share/bro/policy/tuning/json-logs.bro"}
